\BOOKMARK [1][-]{Doc-Start}{Introduction}{}% 1
\BOOKMARK [1][-]{section.1}{Core Java}{}% 2
\BOOKMARK [2][-]{subsection.1.1}{Object Life cycle}{section.1}% 3
\BOOKMARK [3][-]{subsubsection.1.1.1}{Procedural Programming}{subsection.1.1}% 4
\BOOKMARK [3][-]{subsubsection.1.1.2}{Java is an Object-Oriented Language.}{subsection.1.1}% 5
\BOOKMARK [3][-]{subsubsection.1.1.3}{Instantiating a class}{subsection.1.1}% 6
\BOOKMARK [3][-]{subsubsection.1.1.4}{Strongly Referenced}{subsection.1.1}% 7
\BOOKMARK [3][-]{subsubsection.1.1.5}{Other references}{subsection.1.1}% 8
\BOOKMARK [3][-]{subsubsection.1.1.6}{Garbage Collection.}{subsection.1.1}% 9
\BOOKMARK [2][-]{subsection.1.2}{Basic Data Types}{section.1}% 10
\BOOKMARK [3][-]{subsubsection.1.2.1}{Java's Primitive Types}{subsection.1.2}% 11
\BOOKMARK [3][-]{subsubsection.1.2.2}{Heap and Stack}{subsection.1.2}% 12
\BOOKMARK [3][-]{subsubsection.1.2.3}{Class With Fields on the Heap}{subsection.1.2}% 13
\BOOKMARK [3][-]{subsubsection.1.2.4}{String Storage}{subsection.1.2}% 14
\BOOKMARK [3][-]{subsubsection.1.2.5}{Storing an Array of ints or Objects}{subsection.1.2}% 15
\BOOKMARK [2][-]{subsection.1.3}{List of Strings}{section.1}% 16
\BOOKMARK [3][-]{subsubsection.1.3.1}{Size of a String}{subsection.1.3}% 17
\BOOKMARK [3][-]{subsubsection.1.3.2}{Heap and Stack Exceptions}{subsection.1.3}% 18
\BOOKMARK [3][-]{subsubsection.1.3.3}{Heap Size}{subsection.1.3}% 19
\BOOKMARK [3][-]{subsubsection.1.3.4}{Test Program}{subsection.1.3}% 20
\BOOKMARK [3][-]{subsubsection.1.3.5}{The Results}{subsection.1.3}% 21
\BOOKMARK [3][-]{subsubsection.1.3.6}{Overhead Ratio}{subsection.1.3}% 22
\BOOKMARK [2][-]{subsection.1.4}{StringBuffer vs StringBuilder}{section.1}% 23
\BOOKMARK [3][-]{subsubsection.1.4.1}{Concurrent Writes}{subsection.1.4}% 24
\BOOKMARK [3][-]{subsubsection.1.4.2}{Comparison Test}{subsection.1.4}% 25
\BOOKMARK [2][-]{subsection.1.5}{Collections}{section.1}% 26
\BOOKMARK [3][-]{subsubsection.1.5.1}{Sets}{subsection.1.5}% 27
\BOOKMARK [3][-]{subsubsection.1.5.2}{Lists}{subsection.1.5}% 28
\BOOKMARK [3][-]{subsubsection.1.5.3}{Maps}{subsection.1.5}% 29
\BOOKMARK [3][-]{subsubsection.1.5.4}{Addition}{subsection.1.5}% 30
\BOOKMARK [3][-]{subsubsection.1.5.5}{Removal}{subsection.1.5}% 31
\BOOKMARK [3][-]{subsubsection.1.5.6}{Finding}{subsection.1.5}% 32
\BOOKMARK [3][-]{subsubsection.1.5.7}{Clearing}{subsection.1.5}% 33
\BOOKMARK [2][-]{subsection.1.6}{Sorting in Order}{section.1}% 34
\BOOKMARK [3][-]{subsubsection.1.6.1}{Sorting a File That is Too Big}{subsection.1.6}% 35
\BOOKMARK [2][-]{subsection.1.7}{Sorting in Reverse Order}{section.1}% 36
\BOOKMARK [3][-]{subsubsection.1.7.1}{Sorting, in Reverse Order, a File That is Too Big}{subsection.1.7}% 37
\BOOKMARK [2][-]{subsection.1.8}{Exceptions}{section.1}% 38
\BOOKMARK [3][-]{subsubsection.1.8.1}{Checked or Uncecked}{subsection.1.8}% 39
\BOOKMARK [3][-]{subsubsection.1.8.2}{Pitfalls}{subsection.1.8}% 40
\BOOKMARK [3][-]{subsubsection.1.8.3}{A Specialized Exception}{subsection.1.8}% 41
\BOOKMARK [3][-]{subsubsection.1.8.4}{Throwing an Exception}{subsection.1.8}% 42
\BOOKMARK [3][-]{subsubsection.1.8.5}{Handling an Exception}{subsection.1.8}% 43
\BOOKMARK [2][-]{subsection.1.9}{Enums}{section.1}% 44
\BOOKMARK [1][-]{section.2}{Methods, Encapsulation and Inheritance}{}% 45
\BOOKMARK [2][-]{subsection.2.1}{Composition, Inheritance, and Static Method Calls}{section.2}% 46
\BOOKMARK [2][-]{subsection.2.2}{Constructors}{section.2}% 47
\BOOKMARK [2][-]{subsection.2.3}{Encapsulation}{section.2}% 48
\BOOKMARK [2][-]{subsection.2.4}{Object References and Primitives}{section.2}% 49
\BOOKMARK [2][-]{subsection.2.5}{Access Modifiers}{section.2}% 50
\BOOKMARK [2][-]{subsection.2.6}{Virtual Method Invocation}{section.2}% 51
\BOOKMARK [2][-]{subsection.2.7}{Casting}{section.2}% 52
\BOOKMARK [2][-]{subsection.2.8}{Overridden Methods}{section.2}% 53
\BOOKMARK [2][-]{subsection.2.9}{Overloaded Constructors and Methods}{section.2}% 54
\BOOKMARK [1][-]{section.3}{Library}{}% 55
\BOOKMARK [2][-]{subsection.3.1}{Logging Directly}{section.3}% 56
\BOOKMARK [2][-]{subsection.3.2}{Logging Configuration}{section.3}% 57
\BOOKMARK [1][-]{section*.14}{References}{}% 58
\BOOKMARK [1][-]{section*.15}{Appendix}{}% 59
\BOOKMARK [2][-]{section*.16}{Appendix A}{section*.15}% 60
\BOOKMARK [2][-]{lstnumber.-27.12}{Appendix B}{section*.15}% 61
\BOOKMARK [2][-]{lstnumber.-28.70}{Appendix C}{section*.15}% 62
\BOOKMARK [2][-]{lstnumber.-30.65}{Appendix D}{section*.15}% 63
\BOOKMARK [2][-]{lstnumber.-31.121}{Appendix E}{section*.15}% 64
\BOOKMARK [2][-]{lstnumber.-32.146}{Appendix F}{section*.15}% 65
\BOOKMARK [2][-]{lstnumber.-33.65}{Appendix G}{section*.15}% 66
\BOOKMARK [2][-]{lstnumber.-34.185}{Appendix H}{section*.15}% 67
\BOOKMARK [3][-]{subsubsection.Alph0.0.1}{A Specialized Exception}{lstnumber.-34.185}% 68
\BOOKMARK [3][-]{subsubsection.Alph0.0.2}{Throwing and Catching an Exception}{lstnumber.-34.185}% 69
